<?xml version="1.0" encoding="UTF-8"?>
<testng-results skipped="0" failed="0" ignored="0" total="2" passed="2">
  <reporter-output>
  </reporter-output>
  <suite name="Suite" duration-ms="30568" started-at="2020-03-13T21:05:39 IST" finished-at="2020-03-13T21:06:10 IST">
    <groups>
    </groups>
    <test name="Test" duration-ms="30568" started-at="2020-03-13T21:05:39 IST" finished-at="2020-03-13T21:06:10 IST">
      <class name="com.JSON.data.Test001">
        <test-method status="PASS" signature="setup()[pri:0, instance:com.JSON.data.Test001@e320068]" name="setup" is-config="true" duration-ms="8537" started-at="2020-03-13T21:05:39 IST" finished-at="2020-03-13T21:05:48 IST">
          <reporter-output>
          </reporter-output>
        </test-method> <!-- setup -->
        <test-method status="PASS" signature="registration(java.lang.String)[pri:0, instance:com.JSON.data.Test001@e320068]" name="registration" duration-ms="7887" started-at="2020-03-13T21:05:48 IST" data-provider="readJsonData" finished-at="2020-03-13T21:05:56 IST">
          <params>
            <param index="0">
              <value>
                <![CDATA[Aditya Kumar,Roy,7589698874,aditya@test.com,337 pentagan street,Amstalveen,North Holland,11801189,NETHERLANDS,Aditya@74,Test12345,Test12345]]>
              </value>
            </param>
          </params>
          <reporter-output>
          </reporter-output>
        </test-method> <!-- registration -->
        <test-method status="PASS" signature="registration(java.lang.String)[pri:0, instance:com.JSON.data.Test001@e320068]" name="registration" duration-ms="13298" started-at="2020-03-13T21:05:56 IST" data-provider="readJsonData" finished-at="2020-03-13T21:06:09 IST">
          <params>
            <param index="0">
              <value>
                <![CDATA[Preety,Kakkar,2225556669,preety@test.com,22 Avenue circular road,Hilversum,North Holland,12001233,NETHERLANDS,Preety@69,Test@4123,Test@4123]]>
              </value>
            </param>
          </params>
          <reporter-output>
          </reporter-output>
        </test-method> <!-- registration -->
        <test-method status="PASS" signature="tearDown()[pri:0, instance:com.JSON.data.Test001@e320068]" name="tearDown" is-config="true" duration-ms="730" started-at="2020-03-13T21:06:09 IST" finished-at="2020-03-13T21:06:10 IST">
          <reporter-output>
          </reporter-output>
        </test-method> <!-- tearDown -->
      </class> <!-- com.JSON.data.Test001 -->
    </test> <!-- Test -->
  </suite> <!-- Suite -->
</testng-results>
